<?xml version="1.0" encoding="UTF-8"?>
<!-- Generated by org.testng.reporters.JUnitReportReporter -->
<testsuite hostname="DESKTOP-68NG9KU" failures="0" tests="1" name="ImageUploadTestTest" time="10.430" errors="0" timestamp="2022-05-16T10:44:05 IST" skipped="0">
  <testcase classname="ImageUploadTestTest" name="ImageUoloadOperation" time="10.430"/>
  <system-out/>
</testsuite> <!-- ImageUploadTestTest -->
