<?xml version="1.0" encoding="UTF-8"?>
<!-- Generated by org.testng.reporters.JUnitReportReporter -->
<testsuite hostname="DESKTOP-68NG9KU" failures="0" tests="1" name="FileUploadUsingSendKeysTest" time="9.402" errors="0" timestamp="2022-05-16T10:29:30 IST" skipped="0">
  <testcase classname="FileUploadUsingSendKeysTest" name="UploadFile" time="9.402"/>
  <system-out/>
</testsuite> <!-- FileUploadUsingSendKeysTest -->
