<?xml version="1.0" encoding="UTF-8"?>
<!-- Generated by org.testng.reporters.JUnitReportReporter -->
<testsuite hostname="DESKTOP-68NG9KU" failures="0" tests="1" name="FileUploadUsingSendKeysTestTest" time="9.364" errors="0" timestamp="2022-05-16T10:34:26 IST" skipped="0">
  <testcase classname="FileUploadUsingSendKeysTestTest" name="UploadFile" time="9.364"/>
  <system-out/>
</testsuite> <!-- FileUploadUsingSendKeysTestTest -->
