<?xml version="1.0" encoding="UTF-8"?>
<!-- Generated by org.testng.reporters.JUnitReportReporter -->
<testsuite hostname="DESKTOP-68NG9KU" failures="0" tests="1" name="UsingAutoITTest" time="12.776" errors="0" timestamp="2022-05-16T22:39:19 IST" skipped="0">
  <testcase classname="UsingAutoITTest" name="autoITUoload" time="12.776"/>
  <system-out/>
</testsuite> <!-- UsingAutoITTest -->
